Copyright 1986-2022 Xilinx, Inc. All Rights Reserved.
------------------------------------------------------------------------------------
| Tool Version : Vivado v.2022.2 (win64) Build 3671981 Fri Oct 14 05:00:03 MDT 2022
| Date         : Wed Jul 19 19:21:53 2023
| Host         : Lsuad running 64-bit major release  (build 9200)
| Command      : upgrade_ip
| Device       : xczu5ev-sfvc784-2-i
------------------------------------------------------------------------------------

Upgrade Log for IP 'axis_dwidth_converter_0'

1. Summary
----------

SUCCESS in the upgrade of axis_dwidth_converter_0 (xilinx.com:ip:axis_dwidth_converter:1.1) from (Rev. 25) to (Rev. 26)






Copyright 1986-2022 Xilinx, Inc. All Rights Reserved.
------------------------------------------------------------------------------------
| Tool Version : Vivado v.2022.2 (win64) Build 3671981 Fri Oct 14 05:00:03 MDT 2022
| Date         : Wed Jul 19 19:21:53 2023
| Host         : Lsuad running 64-bit major release  (build 9200)
| Command      : upgrade_ip
| Device       : xczu5ev-sfvc784-2-i
------------------------------------------------------------------------------------

Upgrade Log for IP 'axis_convert_256_32'

1. Summary
----------

SUCCESS in the upgrade of axis_convert_256_32 (xilinx.com:ip:axis_dwidth_converter:1.1) from (Rev. 25) to (Rev. 26)






Copyright 1986-2022 Xilinx, Inc. All Rights Reserved.
------------------------------------------------------------------------------------
| Tool Version : Vivado v.2022.2 (win64) Build 3671981 Fri Oct 14 05:00:03 MDT 2022
| Date         : Wed Jul 19 19:21:53 2023
| Host         : Lsuad running 64-bit major release  (build 9200)
| Command      : upgrade_ip
| Device       : xczu5ev-sfvc784-2-i
------------------------------------------------------------------------------------

Upgrade Log for IP 'axis_convert_255_32'

1. Summary
----------

SUCCESS in the upgrade of axis_convert_255_32 (xilinx.com:ip:axis_dwidth_converter:1.1) from (Rev. 25) to (Rev. 26)






Copyright 1986-2022 Xilinx, Inc. All Rights Reserved.
------------------------------------------------------------------------------------
| Tool Version : Vivado v.2022.2 (win64) Build 3671981 Fri Oct 14 05:00:03 MDT 2022
| Date         : Wed Jul 19 19:14:11 2023
| Host         : Lsuad running 64-bit major release  (build 9200)
| Command      : upgrade_ip
| Device       : xczu5ev-sfvc784-2-i
------------------------------------------------------------------------------------

Upgrade Log for IP 'axi_convert_512_64'

1. Summary
----------

SUCCESS in the upgrade of axi_convert_512_64 (xilinx.com:ip:axis_dwidth_converter:1.1) from (Rev. 25) to (Rev. 26)






Copyright 1986-2022 Xilinx, Inc. All Rights Reserved.
------------------------------------------------------------------------------------
| Tool Version : Vivado v.2022.2 (win64) Build 3671981 Fri Oct 14 05:00:03 MDT 2022
| Date         : Wed Jul 19 19:14:11 2023
| Host         : Lsuad running 64-bit major release  (build 9200)
| Command      : upgrade_ip
| Device       : xczu5ev-sfvc784-2-i
------------------------------------------------------------------------------------

Upgrade Log for IP 'axi_convert_256_64'

1. Summary
----------

SUCCESS in the upgrade of axi_convert_256_64 (xilinx.com:ip:axis_dwidth_converter:1.1) from (Rev. 25) to (Rev. 26)






Copyright 1986-2022 Xilinx, Inc. All Rights Reserved.
------------------------------------------------------------------------------------
| Tool Version : Vivado v.2022.2 (win64) Build 3671981 Fri Oct 14 05:00:03 MDT 2022
| Date         : Wed Jul 19 19:14:10 2023
| Host         : Lsuad running 64-bit major release  (build 9200)
| Command      : upgrade_ip
| Device       : xczu5ev-sfvc784-2-i
------------------------------------------------------------------------------------

Upgrade Log for IP 'axi_convert_256_32'

1. Summary
----------

SUCCESS in the upgrade of axi_convert_256_32 (xilinx.com:ip:axis_dwidth_converter:1.1) from (Rev. 25) to (Rev. 26)






Copyright 1986-2022 Xilinx, Inc. All Rights Reserved.
------------------------------------------------------------------------------------
| Tool Version : Vivado v.2022.2 (win64) Build 3671981 Fri Oct 14 05:00:03 MDT 2022
| Date         : Wed Jul 19 19:14:10 2023
| Host         : Lsuad running 64-bit major release  (build 9200)
| Command      : upgrade_ip
| Device       : xczu5ev-sfvc784-2-i
------------------------------------------------------------------------------------

Upgrade Log for IP 'axi_convert128_64'

1. Summary
----------

SUCCESS in the upgrade of axi_convert128_64 (xilinx.com:ip:axis_dwidth_converter:1.1) from (Rev. 25) to (Rev. 26)






Copyright 1986-2022 Xilinx, Inc. All Rights Reserved.
------------------------------------------------------------------------------------
| Tool Version : Vivado v.2022.2 (win64) Build 3671981 Fri Oct 14 05:00:03 MDT 2022
| Date         : Wed Jul 19 19:14:10 2023
| Host         : Lsuad running 64-bit major release  (build 9200)
| Command      : upgrade_ip
| Device       : xczu5ev-sfvc784-2-i
------------------------------------------------------------------------------------

Upgrade Log for IP 'axi_convert128_32'

1. Summary
----------

SUCCESS in the upgrade of axi_convert128_32 (xilinx.com:ip:axis_dwidth_converter:1.1) from (Rev. 25) to (Rev. 26)






Copyright 1986-2022 Xilinx, Inc. All Rights Reserved.
------------------------------------------------------------------------------------
| Tool Version : Vivado v.2022.2 (win64) Build 3671981 Fri Oct 14 05:00:03 MDT 2022
| Date         : Wed Jul 19 19:14:09 2023
| Host         : Lsuad running 64-bit major release  (build 9200)
| Command      : upgrade_ip
| Device       : xczu5ev-sfvc784-2-i
------------------------------------------------------------------------------------

Upgrade Log for IP 'ax4_convert'

1. Summary
----------

SUCCESS in the upgrade of ax4_convert (xilinx.com:ip:axis_dwidth_converter:1.1) from (Rev. 25) to (Rev. 26)

